<?xml version="1.0" encoding="UTF-8"?>
<testsuite xmlns:xsi="http://www.w3.org/2001/XMLSchema-instance" xsi:noNamespaceSchemaLocation="https://maven.apache.org/surefire/maven-surefire-plugin/xsd/surefire-test-report.xsd" name="com.zhgw.MomApiApplicationTests" time="11.497" tests="1" errors="0" skipped="0" failures="0">
  <properties>
    <property name="java.specification.version" value="18"/>
    <property name="sun.cpu.isalist" value="amd64"/>
    <property name="sun.jnu.encoding" value="GBK"/>
    <property name="java.class.path" value="E:\myAiCode\sim_mom\mom-api\target\test-classes;E:\myAiCode\sim_mom\mom-api\target\classes;D:\java_maven\Repository\org\springframework\boot\spring-boot-starter-web\2.7.5\spring-boot-starter-web-2.7.5.jar;D:\java_maven\Repository\org\springframework\boot\spring-boot-starter\2.7.5\spring-boot-starter-2.7.5.jar;D:\java_maven\Repository\org\springframework\boot\spring-boot\2.7.5\spring-boot-2.7.5.jar;D:\java_maven\Repository\org\springframework\boot\spring-boot-autoconfigure\2.7.5\spring-boot-autoconfigure-2.7.5.jar;D:\java_maven\Repository\org\springframework\boot\spring-boot-starter-logging\2.7.5\spring-boot-starter-logging-2.7.5.jar;D:\java_maven\Repository\ch\qos\logback\logback-classic\1.2.11\logback-classic-1.2.11.jar;D:\java_maven\Repository\ch\qos\logback\logback-core\1.2.11\logback-core-1.2.11.jar;D:\java_maven\Repository\org\apache\logging\log4j\log4j-to-slf4j\2.17.2\log4j-to-slf4j-2.17.2.jar;D:\java_maven\Repository\org\apache\logging\log4j\log4j-api\2.17.2\log4j-api-2.17.2.jar;D:\java_maven\Repository\org\slf4j\jul-to-slf4j\1.7.36\jul-to-slf4j-1.7.36.jar;D:\java_maven\Repository\jakarta\annotation\jakarta.annotation-api\1.3.5\jakarta.annotation-api-1.3.5.jar;D:\java_maven\Repository\org\yaml\snakeyaml\1.30\snakeyaml-1.30.jar;D:\java_maven\Repository\org\springframework\boot\spring-boot-starter-json\2.7.5\spring-boot-starter-json-2.7.5.jar;D:\java_maven\Repository\com\fasterxml\jackson\datatype\jackson-datatype-jdk8\2.13.4\jackson-datatype-jdk8-2.13.4.jar;D:\java_maven\Repository\com\fasterxml\jackson\datatype\jackson-datatype-jsr310\2.13.4\jackson-datatype-jsr310-2.13.4.jar;D:\java_maven\Repository\com\fasterxml\jackson\module\jackson-module-parameter-names\2.13.4\jackson-module-parameter-names-2.13.4.jar;D:\java_maven\Repository\org\springframework\boot\spring-boot-starter-tomcat\2.7.5\spring-boot-starter-tomcat-2.7.5.jar;D:\java_maven\Repository\org\apache\tomcat\embed\tomcat-embed-core\9.0.68\tomcat-embed-core-9.0.68.jar;D:\java_maven\Repository\org\apache\tomcat\embed\tomcat-embed-el\9.0.68\tomcat-embed-el-9.0.68.jar;D:\java_maven\Repository\org\apache\tomcat\embed\tomcat-embed-websocket\9.0.68\tomcat-embed-websocket-9.0.68.jar;D:\java_maven\Repository\org\springframework\spring-web\5.3.23\spring-web-5.3.23.jar;D:\java_maven\Repository\org\springframework\spring-beans\5.3.23\spring-beans-5.3.23.jar;D:\java_maven\Repository\org\springframework\spring-webmvc\5.3.23\spring-webmvc-5.3.23.jar;D:\java_maven\Repository\org\springframework\spring-aop\5.3.23\spring-aop-5.3.23.jar;D:\java_maven\Repository\org\springframework\spring-context\5.3.23\spring-context-5.3.23.jar;D:\java_maven\Repository\org\springframework\spring-expression\5.3.23\spring-expression-5.3.23.jar;D:\java_maven\Repository\org\springframework\boot\spring-boot-starter-data-jpa\2.7.5\spring-boot-starter-data-jpa-2.7.5.jar;D:\java_maven\Repository\org\springframework\boot\spring-boot-starter-aop\2.7.5\spring-boot-starter-aop-2.7.5.jar;D:\java_maven\Repository\org\aspectj\aspectjweaver\1.9.7\aspectjweaver-1.9.7.jar;D:\java_maven\Repository\org\springframework\boot\spring-boot-starter-jdbc\2.7.5\spring-boot-starter-jdbc-2.7.5.jar;D:\java_maven\Repository\com\zaxxer\HikariCP\4.0.3\HikariCP-4.0.3.jar;D:\java_maven\Repository\org\springframework\spring-jdbc\5.3.23\spring-jdbc-5.3.23.jar;D:\java_maven\Repository\jakarta\transaction\jakarta.transaction-api\1.3.3\jakarta.transaction-api-1.3.3.jar;D:\java_maven\Repository\jakarta\persistence\jakarta.persistence-api\2.2.3\jakarta.persistence-api-2.2.3.jar;D:\java_maven\Repository\org\hibernate\hibernate-core\5.6.12.Final\hibernate-core-5.6.12.Final.jar;D:\java_maven\Repository\org\jboss\logging\jboss-logging\3.4.3.Final\jboss-logging-3.4.3.Final.jar;D:\java_maven\Repository\net\bytebuddy\byte-buddy\1.12.18\byte-buddy-1.12.18.jar;D:\java_maven\Repository\antlr\antlr\2.7.7\antlr-2.7.7.jar;D:\java_maven\Repository\org\jboss\jandex\2.4.2.Final\jandex-2.4.2.Final.jar;D:\java_maven\Repository\com\fasterxml\classmate\1.5.1\classmate-1.5.1.jar;D:\java_maven\Repository\org\hibernate\common\hibernate-commons-annotations\5.1.2.Final\hibernate-commons-annotations-5.1.2.Final.jar;D:\java_maven\Repository\org\glassfish\jaxb\jaxb-runtime\2.3.7\jaxb-runtime-2.3.7.jar;D:\java_maven\Repository\org\glassfish\jaxb\txw2\2.3.7\txw2-2.3.7.jar;D:\java_maven\Repository\com\sun\istack\istack-commons-runtime\3.0.12\istack-commons-runtime-3.0.12.jar;D:\java_maven\Repository\com\sun\activation\jakarta.activation\1.2.2\jakarta.activation-1.2.2.jar;D:\java_maven\Repository\org\springframework\data\spring-data-jpa\2.7.5\spring-data-jpa-2.7.5.jar;D:\java_maven\Repository\org\springframework\data\spring-data-commons\2.7.5\spring-data-commons-2.7.5.jar;D:\java_maven\Repository\org\springframework\spring-orm\5.3.23\spring-orm-5.3.23.jar;D:\java_maven\Repository\org\springframework\spring-tx\5.3.23\spring-tx-5.3.23.jar;D:\java_maven\Repository\org\slf4j\slf4j-api\1.7.36\slf4j-api-1.7.36.jar;D:\java_maven\Repository\org\springframework\spring-aspects\5.3.23\spring-aspects-5.3.23.jar;D:\java_maven\Repository\com\mysql\mysql-connector-j\8.0.31\mysql-connector-j-8.0.31.jar;D:\java_maven\Repository\org\projectlombok\lombok\1.18.24\lombok-1.18.24.jar;D:\java_maven\Repository\org\springframework\boot\spring-boot-starter-test\2.7.5\spring-boot-starter-test-2.7.5.jar;D:\java_maven\Repository\org\springframework\boot\spring-boot-test\2.7.5\spring-boot-test-2.7.5.jar;D:\java_maven\Repository\org\springframework\boot\spring-boot-test-autoconfigure\2.7.5\spring-boot-test-autoconfigure-2.7.5.jar;D:\java_maven\Repository\com\jayway\jsonpath\json-path\2.7.0\json-path-2.7.0.jar;D:\java_maven\Repository\net\minidev\json-smart\2.4.8\json-smart-2.4.8.jar;D:\java_maven\Repository\net\minidev\accessors-smart\2.4.8\accessors-smart-2.4.8.jar;D:\java_maven\Repository\org\ow2\asm\asm\9.1\asm-9.1.jar;D:\java_maven\Repository\jakarta\xml\bind\jakarta.xml.bind-api\2.3.3\jakarta.xml.bind-api-2.3.3.jar;D:\java_maven\Repository\jakarta\activation\jakarta.activation-api\1.2.2\jakarta.activation-api-1.2.2.jar;D:\java_maven\Repository\org\assertj\assertj-core\3.22.0\assertj-core-3.22.0.jar;D:\java_maven\Repository\org\hamcrest\hamcrest\2.2\hamcrest-2.2.jar;D:\java_maven\Repository\org\junit\jupiter\junit-jupiter\5.8.2\junit-jupiter-5.8.2.jar;D:\java_maven\Repository\org\junit\jupiter\junit-jupiter-api\5.8.2\junit-jupiter-api-5.8.2.jar;D:\java_maven\Repository\org\opentest4j\opentest4j\1.2.0\opentest4j-1.2.0.jar;D:\java_maven\Repository\org\junit\platform\junit-platform-commons\1.8.2\junit-platform-commons-1.8.2.jar;D:\java_maven\Repository\org\apiguardian\apiguardian-api\1.1.2\apiguardian-api-1.1.2.jar;D:\java_maven\Repository\org\junit\jupiter\junit-jupiter-params\5.8.2\junit-jupiter-params-5.8.2.jar;D:\java_maven\Repository\org\junit\jupiter\junit-jupiter-engine\5.8.2\junit-jupiter-engine-5.8.2.jar;D:\java_maven\Repository\org\junit\platform\junit-platform-engine\1.8.2\junit-platform-engine-1.8.2.jar;D:\java_maven\Repository\org\mockito\mockito-core\4.5.1\mockito-core-4.5.1.jar;D:\java_maven\Repository\net\bytebuddy\byte-buddy-agent\1.12.18\byte-buddy-agent-1.12.18.jar;D:\java_maven\Repository\org\objenesis\objenesis\3.2\objenesis-3.2.jar;D:\java_maven\Repository\org\mockito\mockito-junit-jupiter\4.5.1\mockito-junit-jupiter-4.5.1.jar;D:\java_maven\Repository\org\skyscreamer\jsonassert\1.5.1\jsonassert-1.5.1.jar;D:\java_maven\Repository\com\vaadin\external\google\android-json\0.0.20131108.vaadin1\android-json-0.0.20131108.vaadin1.jar;D:\java_maven\Repository\org\springframework\spring-core\5.3.23\spring-core-5.3.23.jar;D:\java_maven\Repository\org\springframework\spring-jcl\5.3.23\spring-jcl-5.3.23.jar;D:\java_maven\Repository\org\springframework\spring-test\5.3.23\spring-test-5.3.23.jar;D:\java_maven\Repository\org\xmlunit\xmlunit-core\2.9.0\xmlunit-core-2.9.0.jar;D:\java_maven\Repository\org\springframework\security\spring-security-crypto\5.7.4\spring-security-crypto-5.7.4.jar;D:\java_maven\Repository\io\jsonwebtoken\jjwt-api\0.11.5\jjwt-api-0.11.5.jar;D:\java_maven\Repository\io\jsonwebtoken\jjwt-impl\0.11.5\jjwt-impl-0.11.5.jar;D:\java_maven\Repository\io\jsonwebtoken\jjwt-jackson\0.11.5\jjwt-jackson-0.11.5.jar;D:\java_maven\Repository\com\fasterxml\jackson\core\jackson-databind\2.13.4.2\jackson-databind-2.13.4.2.jar;D:\java_maven\Repository\com\fasterxml\jackson\core\jackson-annotations\2.13.4\jackson-annotations-2.13.4.jar;D:\java_maven\Repository\com\fasterxml\jackson\core\jackson-core\2.13.4\jackson-core-2.13.4.jar;"/>
    <property name="java.vm.vendor" value="Oracle Corporation"/>
    <property name="sun.arch.data.model" value="64"/>
    <property name="user.variant" value=""/>
    <property name="java.vendor.url" value="https://java.oracle.com/"/>
    <property name="user.timezone" value="Asia/Shanghai"/>
    <property name="os.name" value="Windows 10"/>
    <property name="java.vm.specification.version" value="18"/>
    <property name="sun.java.launcher" value="SUN_STANDARD"/>
    <property name="user.country" value="CN"/>
    <property name="sun.boot.library.path" value="D:\Program Files\Java\jdk-18.0.2.1\bin"/>
    <property name="sun.java.command" value="C:\Users\84750\AppData\Local\Temp\surefire15812392174967676974\surefirebooter6902232122209017306.jar C:\Users\84750\AppData\Local\Temp\surefire15812392174967676974 2024-11-19T00-29-41_505-jvmRun1 surefire1279565307398077312tmp surefire_010132272663050959766tmp"/>
    <property name="jdk.debug" value="release"/>
    <property name="surefire.test.class.path" value="E:\myAiCode\sim_mom\mom-api\target\test-classes;E:\myAiCode\sim_mom\mom-api\target\classes;D:\java_maven\Repository\org\springframework\boot\spring-boot-starter-web\2.7.5\spring-boot-starter-web-2.7.5.jar;D:\java_maven\Repository\org\springframework\boot\spring-boot-starter\2.7.5\spring-boot-starter-2.7.5.jar;D:\java_maven\Repository\org\springframework\boot\spring-boot\2.7.5\spring-boot-2.7.5.jar;D:\java_maven\Repository\org\springframework\boot\spring-boot-autoconfigure\2.7.5\spring-boot-autoconfigure-2.7.5.jar;D:\java_maven\Repository\org\springframework\boot\spring-boot-starter-logging\2.7.5\spring-boot-starter-logging-2.7.5.jar;D:\java_maven\Repository\ch\qos\logback\logback-classic\1.2.11\logback-classic-1.2.11.jar;D:\java_maven\Repository\ch\qos\logback\logback-core\1.2.11\logback-core-1.2.11.jar;D:\java_maven\Repository\org\apache\logging\log4j\log4j-to-slf4j\2.17.2\log4j-to-slf4j-2.17.2.jar;D:\java_maven\Repository\org\apache\logging\log4j\log4j-api\2.17.2\log4j-api-2.17.2.jar;D:\java_maven\Repository\org\slf4j\jul-to-slf4j\1.7.36\jul-to-slf4j-1.7.36.jar;D:\java_maven\Repository\jakarta\annotation\jakarta.annotation-api\1.3.5\jakarta.annotation-api-1.3.5.jar;D:\java_maven\Repository\org\yaml\snakeyaml\1.30\snakeyaml-1.30.jar;D:\java_maven\Repository\org\springframework\boot\spring-boot-starter-json\2.7.5\spring-boot-starter-json-2.7.5.jar;D:\java_maven\Repository\com\fasterxml\jackson\datatype\jackson-datatype-jdk8\2.13.4\jackson-datatype-jdk8-2.13.4.jar;D:\java_maven\Repository\com\fasterxml\jackson\datatype\jackson-datatype-jsr310\2.13.4\jackson-datatype-jsr310-2.13.4.jar;D:\java_maven\Repository\com\fasterxml\jackson\module\jackson-module-parameter-names\2.13.4\jackson-module-parameter-names-2.13.4.jar;D:\java_maven\Repository\org\springframework\boot\spring-boot-starter-tomcat\2.7.5\spring-boot-starter-tomcat-2.7.5.jar;D:\java_maven\Repository\org\apache\tomcat\embed\tomcat-embed-core\9.0.68\tomcat-embed-core-9.0.68.jar;D:\java_maven\Repository\org\apache\tomcat\embed\tomcat-embed-el\9.0.68\tomcat-embed-el-9.0.68.jar;D:\java_maven\Repository\org\apache\tomcat\embed\tomcat-embed-websocket\9.0.68\tomcat-embed-websocket-9.0.68.jar;D:\java_maven\Repository\org\springframework\spring-web\5.3.23\spring-web-5.3.23.jar;D:\java_maven\Repository\org\springframework\spring-beans\5.3.23\spring-beans-5.3.23.jar;D:\java_maven\Repository\org\springframework\spring-webmvc\5.3.23\spring-webmvc-5.3.23.jar;D:\java_maven\Repository\org\springframework\spring-aop\5.3.23\spring-aop-5.3.23.jar;D:\java_maven\Repository\org\springframework\spring-context\5.3.23\spring-context-5.3.23.jar;D:\java_maven\Repository\org\springframework\spring-expression\5.3.23\spring-expression-5.3.23.jar;D:\java_maven\Repository\org\springframework\boot\spring-boot-starter-data-jpa\2.7.5\spring-boot-starter-data-jpa-2.7.5.jar;D:\java_maven\Repository\org\springframework\boot\spring-boot-starter-aop\2.7.5\spring-boot-starter-aop-2.7.5.jar;D:\java_maven\Repository\org\aspectj\aspectjweaver\1.9.7\aspectjweaver-1.9.7.jar;D:\java_maven\Repository\org\springframework\boot\spring-boot-starter-jdbc\2.7.5\spring-boot-starter-jdbc-2.7.5.jar;D:\java_maven\Repository\com\zaxxer\HikariCP\4.0.3\HikariCP-4.0.3.jar;D:\java_maven\Repository\org\springframework\spring-jdbc\5.3.23\spring-jdbc-5.3.23.jar;D:\java_maven\Repository\jakarta\transaction\jakarta.transaction-api\1.3.3\jakarta.transaction-api-1.3.3.jar;D:\java_maven\Repository\jakarta\persistence\jakarta.persistence-api\2.2.3\jakarta.persistence-api-2.2.3.jar;D:\java_maven\Repository\org\hibernate\hibernate-core\5.6.12.Final\hibernate-core-5.6.12.Final.jar;D:\java_maven\Repository\org\jboss\logging\jboss-logging\3.4.3.Final\jboss-logging-3.4.3.Final.jar;D:\java_maven\Repository\net\bytebuddy\byte-buddy\1.12.18\byte-buddy-1.12.18.jar;D:\java_maven\Repository\antlr\antlr\2.7.7\antlr-2.7.7.jar;D:\java_maven\Repository\org\jboss\jandex\2.4.2.Final\jandex-2.4.2.Final.jar;D:\java_maven\Repository\com\fasterxml\classmate\1.5.1\classmate-1.5.1.jar;D:\java_maven\Repository\org\hibernate\common\hibernate-commons-annotations\5.1.2.Final\hibernate-commons-annotations-5.1.2.Final.jar;D:\java_maven\Repository\org\glassfish\jaxb\jaxb-runtime\2.3.7\jaxb-runtime-2.3.7.jar;D:\java_maven\Repository\org\glassfish\jaxb\txw2\2.3.7\txw2-2.3.7.jar;D:\java_maven\Repository\com\sun\istack\istack-commons-runtime\3.0.12\istack-commons-runtime-3.0.12.jar;D:\java_maven\Repository\com\sun\activation\jakarta.activation\1.2.2\jakarta.activation-1.2.2.jar;D:\java_maven\Repository\org\springframework\data\spring-data-jpa\2.7.5\spring-data-jpa-2.7.5.jar;D:\java_maven\Repository\org\springframework\data\spring-data-commons\2.7.5\spring-data-commons-2.7.5.jar;D:\java_maven\Repository\org\springframework\spring-orm\5.3.23\spring-orm-5.3.23.jar;D:\java_maven\Repository\org\springframework\spring-tx\5.3.23\spring-tx-5.3.23.jar;D:\java_maven\Repository\org\slf4j\slf4j-api\1.7.36\slf4j-api-1.7.36.jar;D:\java_maven\Repository\org\springframework\spring-aspects\5.3.23\spring-aspects-5.3.23.jar;D:\java_maven\Repository\com\mysql\mysql-connector-j\8.0.31\mysql-connector-j-8.0.31.jar;D:\java_maven\Repository\org\projectlombok\lombok\1.18.24\lombok-1.18.24.jar;D:\java_maven\Repository\org\springframework\boot\spring-boot-starter-test\2.7.5\spring-boot-starter-test-2.7.5.jar;D:\java_maven\Repository\org\springframework\boot\spring-boot-test\2.7.5\spring-boot-test-2.7.5.jar;D:\java_maven\Repository\org\springframework\boot\spring-boot-test-autoconfigure\2.7.5\spring-boot-test-autoconfigure-2.7.5.jar;D:\java_maven\Repository\com\jayway\jsonpath\json-path\2.7.0\json-path-2.7.0.jar;D:\java_maven\Repository\net\minidev\json-smart\2.4.8\json-smart-2.4.8.jar;D:\java_maven\Repository\net\minidev\accessors-smart\2.4.8\accessors-smart-2.4.8.jar;D:\java_maven\Repository\org\ow2\asm\asm\9.1\asm-9.1.jar;D:\java_maven\Repository\jakarta\xml\bind\jakarta.xml.bind-api\2.3.3\jakarta.xml.bind-api-2.3.3.jar;D:\java_maven\Repository\jakarta\activation\jakarta.activation-api\1.2.2\jakarta.activation-api-1.2.2.jar;D:\java_maven\Repository\org\assertj\assertj-core\3.22.0\assertj-core-3.22.0.jar;D:\java_maven\Repository\org\hamcrest\hamcrest\2.2\hamcrest-2.2.jar;D:\java_maven\Repository\org\junit\jupiter\junit-jupiter\5.8.2\junit-jupiter-5.8.2.jar;D:\java_maven\Repository\org\junit\jupiter\junit-jupiter-api\5.8.2\junit-jupiter-api-5.8.2.jar;D:\java_maven\Repository\org\opentest4j\opentest4j\1.2.0\opentest4j-1.2.0.jar;D:\java_maven\Repository\org\junit\platform\junit-platform-commons\1.8.2\junit-platform-commons-1.8.2.jar;D:\java_maven\Repository\org\apiguardian\apiguardian-api\1.1.2\apiguardian-api-1.1.2.jar;D:\java_maven\Repository\org\junit\jupiter\junit-jupiter-params\5.8.2\junit-jupiter-params-5.8.2.jar;D:\java_maven\Repository\org\junit\jupiter\junit-jupiter-engine\5.8.2\junit-jupiter-engine-5.8.2.jar;D:\java_maven\Repository\org\junit\platform\junit-platform-engine\1.8.2\junit-platform-engine-1.8.2.jar;D:\java_maven\Repository\org\mockito\mockito-core\4.5.1\mockito-core-4.5.1.jar;D:\java_maven\Repository\net\bytebuddy\byte-buddy-agent\1.12.18\byte-buddy-agent-1.12.18.jar;D:\java_maven\Repository\org\objenesis\objenesis\3.2\objenesis-3.2.jar;D:\java_maven\Repository\org\mockito\mockito-junit-jupiter\4.5.1\mockito-junit-jupiter-4.5.1.jar;D:\java_maven\Repository\org\skyscreamer\jsonassert\1.5.1\jsonassert-1.5.1.jar;D:\java_maven\Repository\com\vaadin\external\google\android-json\0.0.20131108.vaadin1\android-json-0.0.20131108.vaadin1.jar;D:\java_maven\Repository\org\springframework\spring-core\5.3.23\spring-core-5.3.23.jar;D:\java_maven\Repository\org\springframework\spring-jcl\5.3.23\spring-jcl-5.3.23.jar;D:\java_maven\Repository\org\springframework\spring-test\5.3.23\spring-test-5.3.23.jar;D:\java_maven\Repository\org\xmlunit\xmlunit-core\2.9.0\xmlunit-core-2.9.0.jar;D:\java_maven\Repository\org\springframework\security\spring-security-crypto\5.7.4\spring-security-crypto-5.7.4.jar;D:\java_maven\Repository\io\jsonwebtoken\jjwt-api\0.11.5\jjwt-api-0.11.5.jar;D:\java_maven\Repository\io\jsonwebtoken\jjwt-impl\0.11.5\jjwt-impl-0.11.5.jar;D:\java_maven\Repository\io\jsonwebtoken\jjwt-jackson\0.11.5\jjwt-jackson-0.11.5.jar;D:\java_maven\Repository\com\fasterxml\jackson\core\jackson-databind\2.13.4.2\jackson-databind-2.13.4.2.jar;D:\java_maven\Repository\com\fasterxml\jackson\core\jackson-annotations\2.13.4\jackson-annotations-2.13.4.jar;D:\java_maven\Repository\com\fasterxml\jackson\core\jackson-core\2.13.4\jackson-core-2.13.4.jar;"/>
    <property name="sun.cpu.endian" value="little"/>
    <property name="user.home" value="C:\Users\84750"/>
    <property name="user.language" value="zh"/>
    <property name="java.specification.vendor" value="Oracle Corporation"/>
    <property name="java.version.date" value="2022-08-18"/>
    <property name="java.home" value="D:\Program Files\Java\jdk-18.0.2.1"/>
    <property name="file.separator" value="\"/>
    <property name="basedir" value="E:\myAiCode\sim_mom\mom-api"/>
    <property name="java.vm.compressedOopsMode" value="Zero based"/>
    <property name="line.separator" value="&#10;"/>
    <property name="java.vm.specification.vendor" value="Oracle Corporation"/>
    <property name="java.specification.name" value="Java Platform API Specification"/>
    <property name="surefire.real.class.path" value="C:\Users\84750\AppData\Local\Temp\surefire15812392174967676974\surefirebooter6902232122209017306.jar"/>
    <property name="user.script" value=""/>
    <property name="sun.management.compiler" value="HotSpot 64-Bit Tiered Compilers"/>
    <property name="java.runtime.version" value="18.0.2.1+1-1"/>
    <property name="user.name" value="847503085"/>
    <property name="path.separator" value=";"/>
    <property name="os.version" value="10.0"/>
    <property name="java.runtime.name" value="Java(TM) SE Runtime Environment"/>
    <property name="file.encoding" value="UTF-8"/>
    <property name="java.vm.name" value="Java HotSpot(TM) 64-Bit Server VM"/>
    <property name="localRepository" value="D:\java_maven\Repository"/>
    <property name="java.vendor.url.bug" value="https://bugreport.java.com/bugreport/"/>
    <property name="java.io.tmpdir" value="C:\Users\84750\AppData\Local\Temp\"/>
    <property name="java.version" value="18.0.2.1"/>
    <property name="user.dir" value="E:\myAiCode\sim_mom\mom-api"/>
    <property name="os.arch" value="amd64"/>
    <property name="java.vm.specification.name" value="Java Virtual Machine Specification"/>
    <property name="sun.os.patch.level" value=""/>
    <property name="native.encoding" value="GBK"/>
    <property name="java.library.path" value="D:\Program Files\Java\jdk-18.0.2.1\bin;C:\WINDOWS\Sun\Java\bin;C:\WINDOWS\system32;C:\WINDOWS;c:\Users\84750\AppData\Local\Programs\cursor\resources\app\bin;C:\Program Files (x86)\Intel\iCLS Client\;C:\Program Files\Intel\iCLS Client\;C:\WINDOWS\system32;C:\WINDOWS;C:\WINDOWS\System32\Wbem;C:\WINDOWS\System32\WindowsPowerShell\v1.0\;C:\WINDOWS\System32\OpenSSH\;E:\myPython\Python39;C:\Program Files\Microsoft SQL Server\130\Tools\Binn\;C:\Program Files\Git\cmd;E:\myPython\msedgedriver.exe;E:\myPython\Python39\Scripts;E:\Download\chrome-win64;E:\myPython\Python39\chromedriver.exe;D:\mysql-8.0.35-winx64\bin;C:\Program Files (x86)\Intel\Intel(R) Management Engine Components\DAL;C:\Program Files\Intel\Intel(R) Management Engine Components\DAL;C:\Program Files (x86)\Intel\Intel(R) Management Engine Components\IPT;C:\Program Files\Intel\Intel(R) Management Engine Components\IPT;C:\Program Files (x86)\Siemens\Installdisk\;C:\Program Files (x86)\NVIDIA Corporation\PhysX\Common;C:\Program Files\NVIDIA Corporation\NVIDIA NvDLISR;C:\Program Files\Microsoft SQL Server\150\Tools\Binn\;C:\Program Files (x86)\Windows;c:\Users\84750\AppData\Local\Programs\cursor\resources\app\bin;D:\Program Files\Java\jdk-18.0.2.1\bin;D:\java_maven\apache-maven-3.9.9\\bin;E:\Program Files (x86)\nodejs\;C:\Users\84750\AppData\Local\Microsoft\WindowsApps;;e:\Program Files\JetBrains\PyCharm 2023.2.1\bin;;e:\Microsoft VS Code\bin;C:\Users\84750\AppData\Roaming\npm;."/>
    <property name="java.vm.info" value="mixed mode, sharing"/>
    <property name="java.vendor" value="Oracle Corporation"/>
    <property name="java.vm.version" value="18.0.2.1+1-1"/>
    <property name="sun.io.unicode.encoding" value="UnicodeLittle"/>
    <property name="java.class.version" value="62.0"/>
  </properties>
  <testcase name="contextLoads" classname="com.zhgw.MomApiApplicationTests" time="1.317"/>
</testsuite>